app/build/outputs/logs/manifest-merger-debug-report.txt
-- Merging decision tree log ---
manifest
ADDED from src\main\AndroidManifest.xml:2:1-34:12
	package
		ADDED from src\main\AndroidManifest.xml:3:5-40
		INJECTED from src\main\AndroidManifest.xml
		INJECTED from src\main\AndroidManifest.xml
	android:versionName
		ADDED from src\main\AndroidManifest.xml:5:5-46
		INJECTED from src\main\AndroidManifest.xml
		INJECTED from src\main\AndroidManifest.xml
	android:versionCode
		ADDED from src\main\AndroidManifest.xml:4:5-29
		INJECTED from src\main\AndroidManifest.xml
		INJECTED from src\main\AndroidManifest.xml
	xmlns:android
		ADDED from src\main\AndroidManifest.xml:2:11-69
uses-sdk
ADDED from src\main\AndroidManifest.xml:7:5-43
	android:targetSdkVersion
		INJECTED from src\main\AndroidManifest.xml
		INJECTED from src\main\AndroidManifest.xml
	android:minSdkVersion
		ADDED from src\main\AndroidManifest.xml:7:15-40
		INJECTED from src\main\AndroidManifest.xml
		INJECTED from src\main\AndroidManifest.xml
application
ADDED from src\main\AndroidManifest.xml:9:5-30:19
	android:label
		ADDED from src\main\AndroidManifest.xml:11:9-41
	android:icon
		ADDED from src\main\AndroidManifest.xml:10:9-38
activity#com.madibasoft.dreamtools.DreamToolsActivity
ADDED from src\main\AndroidManifest.xml:12:9-19:20
	android:label
		ADDED from src\main\AndroidManifest.xml:13:13-45
	android:name
		ADDED from src\main\AndroidManifest.xml:14:13-47
intent-filter#android.intent.action.MAIN+android.intent.category.LAUNCHER
ADDED from src\main\AndroidManifest.xml:15:13-18:29
action#android.intent.action.MAIN
ADDED from src\main\AndroidManifest.xml:16:17-69
	android:name
		ADDED from src\main\AndroidManifest.xml:16:25-66
category#android.intent.category.LAUNCHER
ADDED from src\main\AndroidManifest.xml:17:17-77
	android:name
		ADDED from src\main\AndroidManifest.xml:17:27-74
activity#com.madibasoft.dreamtools.SettingsActivity
ADDED from src\main\AndroidManifest.xml:20:9-62
	android:name
		ADDED from src\main\AndroidManifest.xml:20:19-50
activity#com.madibasoft.dreamtools.ServiceSelectorActivity
ADDED from src\main\AndroidManifest.xml:21:9-70
	android:name
		ADDED from src\main\AndroidManifest.xml:21:19-58
activity#com.madibasoft.dreamtools.AboutActivity
ADDED from src\main\AndroidManifest.xml:22:9-59
	android:name
		ADDED from src\main\AndroidManifest.xml:22:19-47
activity#com.madibasoft.dreamtools.SatfinderActivity
ADDED from src\main\AndroidManifest.xml:23:9-63
	android:name
		ADDED from src\main\AndroidManifest.xml:23:19-51
activity#com.madibasoft.dreamtools.VideoActivity
ADDED from src\main\AndroidManifest.xml:24:9-59
	android:name
		ADDED from src\main\AndroidManifest.xml:24:19-47
activity#com.madibasoft.dreamtools.ZapActivity
ADDED from src\main\AndroidManifest.xml:25:9-94
	android:theme
		ADDED from src\main\AndroidManifest.xml:25:46-82
	android:name
		ADDED from src\main\AndroidManifest.xml:25:19-45
activity#com.madibasoft.dreamtools.MovieActivity
ADDED from src\main\AndroidManifest.xml:26:9-96
	android:theme
		ADDED from src\main\AndroidManifest.xml:26:48-84
	android:name
		ADDED from src\main\AndroidManifest.xml:26:19-47
activity#com.madibasoft.dreamtools.ControlActivity
ADDED from src\main\AndroidManifest.xml:27:9-61
	android:name
		ADDED from src\main\AndroidManifest.xml:27:19-49
activity#com.madibasoft.dreamtools.AddTimerActivity
ADDED from src\main\AndroidManifest.xml:28:9-62
	android:name
		ADDED from src\main\AndroidManifest.xml:28:19-50
activity#com.madibasoft.dreamtools.MonitorActivity
ADDED from src\main\AndroidManifest.xml:29:9-93
	android:label
		ADDED from src\main\AndroidManifest.xml:29:50-81
	android:name
		ADDED from src\main\AndroidManifest.xml:29:19-49
uses-permission#android.permission.INTERNET
ADDED from src\main\AndroidManifest.xml:31:2-64
	android:name
		ADDED from src\main\AndroidManifest.xml:31:19-61
uses-permission#android.permission.VIBRATE
ADDED from src\main\AndroidManifest.xml:32:2-63
	android:name
		ADDED from src\main\AndroidManifest.xml:32:19-60